<?xml version="1.0" encoding="UTF-8"?>
<testsuite xmlns:xsi="http://www.w3.org/2001/XMLSchema-instance" xsi:noNamespaceSchemaLocation="https://maven.apache.org/surefire/maven-surefire-plugin/xsd/surefire-test-report-3.0.xsd" version="3.0" name="com.example.platform.PlatformApplicationTests" time="5.612" tests="1" errors="0" skipped="0" failures="0">
  <properties>
[...]
</properties>
  <testcase name="contextLoads" classname="com.example.platform.PlatformApplicationTests" time="1.182">
    <system-out><![CDATA[10:53:28.418 [main] INFO org.springframework.test.context.support.AnnotationConfigContextLoaderUtils -- Could not detect default configuration classes for test class [com.example.platform.PlatformApplicationTests]: PlatformApplicationTests does not declare any static, non-private, non-final, nested classes annotated with @Configuration.
10:53:28.535 [main] INFO org.springframework.boot.test.context.SpringBootTestContextBootstrapper -- Found @SpringBootConfiguration com.example.platform.PlatformApplication for test class com.example.platform.PlatformApplicationTests

  .   ____          _            __ _ _
 /\\ / ___'_ __ _ _(_)_ __  __ _ \ \ \ \
( ( )\___ | '_ | '_| | '_ \/ _` | \ \ \ \
 \\/  ___)| |_)| | | | | || (_| |  ) ) ) )
  '  |____| .__|_| |_|_| |_\__, | / / / /
 =========|_|==============|___/=/_/_/_/
 :: Spring Boot ::                (v3.2.2)

2024-03-12T10:53:29.076+08:00  INFO 3016 --- [           main] c.e.platform.PlatformApplicationTests    : Starting PlatformApplicationTests using Java 17.0.5 with PID 3016 (started by 24654 in D:\Users\24654\Desktop\platform)
2024-03-12T10:53:29.079+08:00  INFO 3016 --- [           main] c.e.platform.PlatformApplicationTests    : No active profile set, falling back to 1 default profile: "default"
2024-03-12T10:53:30.154+08:00  INFO 3016 --- [           main] .s.d.r.c.RepositoryConfigurationDelegate : Multiple Spring Data modules found, entering strict repository configuration mode
2024-03-12T10:53:30.161+08:00  INFO 3016 --- [           main] .s.d.r.c.RepositoryConfigurationDelegate : Bootstrapping Spring Data Redis repositories in DEFAULT mode.
2024-03-12T10:53:30.200+08:00  INFO 3016 --- [           main] .s.d.r.c.RepositoryConfigurationDelegate : Finished Spring Data repository scanning in 12 ms. Found 0 Redis repository interfaces.
2024-03-12T10:53:32.625+08:00  INFO 3016 --- [           main] c.e.platform.PlatformApplicationTests    : Started PlatformApplicationTests in 3.92 seconds (process running for 5.234)
]]></system-out>
  </testcase>
</testsuite>